<?xml version="1.0" encoding="UTF-8"?><testsuites failures="2" name="dependency-check" tests="11"><testsuite failures="0" id="0" name="/src/target/LoginWebApp.war" package="LoginWebApp.war" skipped="0" tests="1" timestamp="2022-03-27T13:38:45.834709"><testcase classname="dependency-check" name="LoginWebApp.war"/></testsuite><testsuite failures="0" id="1" name="/src/target/LoginWebApp.war/WEB-INF/lib/postgresql-42.2.9.jar/META-INF/maven/com.ongres.scram/client/pom.xml" package="LoginWebApp.war: postgresql-42.2.9.jar (shaded: com.ongres.scram:client:2.1)" skipped="0" tests="1" timestamp="2022-03-27T13:38:45.834709"><testcase classname="dependency-check" name="LoginWebApp.war: postgresql-42.2.9.jar (shaded: com.ongres.scram:client:2.1)"/></testsuite><testsuite failures="0" id="2" name="/src/target/LoginWebApp.war/WEB-INF/lib/postgresql-42.2.9.jar/META-INF/maven/com.ongres.scram/common/pom.xml" package="LoginWebApp.war: postgresql-42.2.9.jar (shaded: com.ongres.scram:common:2.1)" skipped="0" tests="1" timestamp="2022-03-27T13:38:45.834709"><testcase classname="dependency-check" name="LoginWebApp.war: postgresql-42.2.9.jar (shaded: com.ongres.scram:common:2.1)"/></testsuite><testsuite failures="0" id="3" name="/src/target/LoginWebApp.war/WEB-INF/lib/postgresql-42.2.9.jar/META-INF/maven/com.ongres.stringprep/saslprep/pom.xml" package="LoginWebApp.war: postgresql-42.2.9.jar (shaded: com.ongres.stringprep:saslprep:1.1)" skipped="0" tests="1" timestamp="2022-03-27T13:38:45.834709"><testcase classname="dependency-check" name="LoginWebApp.war: postgresql-42.2.9.jar (shaded: com.ongres.stringprep:saslprep:1.1)"/></testsuite><testsuite failures="0" id="4" name="/src/target/LoginWebApp.war/WEB-INF/lib/postgresql-42.2.9.jar/META-INF/maven/com.ongres.stringprep/stringprep/pom.xml" package="LoginWebApp.war: postgresql-42.2.9.jar (shaded: com.ongres.stringprep:stringprep:1.1)" skipped="0" tests="1" timestamp="2022-03-27T13:38:45.834709"><testcase classname="dependency-check" name="LoginWebApp.war: postgresql-42.2.9.jar (shaded: com.ongres.stringprep:stringprep:1.1)"/></testsuite><testsuite failures="1" id="5" name="/src/target/LoginWebApp.war/WEB-INF/lib/postgresql-42.2.9.jar" package="LoginWebApp.war: postgresql-42.2.9.jar" skipped="0" tests="1" timestamp="2022-03-27T13:38:45.834709"><testcase classname="CVE-2020-13692" name="pkg:maven/org.postgresql/postgresql@42.2.9"><failure message="cvssV3: HIGH, score: 7.7 (CVSS:3.1/AV:N/AC:H/PR:N/UI:N/S:U/C:H/I:L/A:H)"/><system-out>PostgreSQL JDBC Driver (aka PgJDBC) before 42.2.13 allows XXE.</system-out><system-err>location: /src/target/LoginWebApp.war/WEB-INF/lib/postgresql-42.2.9.jar</system-err></testcase></testsuite><testsuite failures="0" id="6" name="/src/target/LoginWebApp.war/WEB-INF/lib/servlet-api-2.5.jar" package="LoginWebApp.war: servlet-api-2.5.jar" skipped="0" tests="1" timestamp="2022-03-27T13:38:45.834709"><testcase classname="dependency-check" name="LoginWebApp.war: servlet-api-2.5.jar"/></testsuite><testsuite failures="0" id="7" name="/src/target/LoginWebApp/WEB-INF/lib/postgresql-42.2.9.jar/META-INF/maven/com.ongres.scram/client/pom.xml" package="postgresql-42.2.9.jar (shaded: com.ongres.scram:client:2.1)" skipped="0" tests="1" timestamp="2022-03-27T13:38:45.834709"><testcase classname="dependency-check" name="postgresql-42.2.9.jar (shaded: com.ongres.scram:client:2.1)"/></testsuite><testsuite failures="0" id="8" name="/src/target/LoginWebApp/WEB-INF/lib/postgresql-42.2.9.jar/META-INF/maven/com.ongres.scram/common/pom.xml" package="postgresql-42.2.9.jar (shaded: com.ongres.scram:common:2.1)" skipped="0" tests="1" timestamp="2022-03-27T13:38:45.834709"><testcase classname="dependency-check" name="postgresql-42.2.9.jar (shaded: com.ongres.scram:common:2.1)"/></testsuite><testsuite failures="0" id="9" name="/src/target/LoginWebApp/WEB-INF/lib/postgresql-42.2.9.jar/META-INF/maven/com.ongres.stringprep/saslprep/pom.xml" package="postgresql-42.2.9.jar (shaded: com.ongres.stringprep:saslprep:1.1)" skipped="0" tests="1" timestamp="2022-03-27T13:38:45.834709"><testcase classname="dependency-check" name="postgresql-42.2.9.jar (shaded: com.ongres.stringprep:saslprep:1.1)"/></testsuite><testsuite failures="0" id="10" name="/src/target/LoginWebApp/WEB-INF/lib/postgresql-42.2.9.jar/META-INF/maven/com.ongres.stringprep/stringprep/pom.xml" package="postgresql-42.2.9.jar (shaded: com.ongres.stringprep:stringprep:1.1)" skipped="0" tests="1" timestamp="2022-03-27T13:38:45.834709"><testcase classname="dependency-check" name="postgresql-42.2.9.jar (shaded: com.ongres.stringprep:stringprep:1.1)"/></testsuite><testsuite failures="1" id="11" name="/src/target/LoginWebApp/WEB-INF/lib/postgresql-42.2.9.jar" package="postgresql-42.2.9.jar" skipped="0" tests="1" timestamp="2022-03-27T13:38:45.834709"><testcase classname="CVE-2020-13692" name="pkg:maven/org.postgresql/postgresql@42.2.9"><failure message="cvssV3: HIGH, score: 7.7 (CVSS:3.1/AV:N/AC:H/PR:N/UI:N/S:U/C:H/I:L/A:H)"/><system-out>PostgreSQL JDBC Driver (aka PgJDBC) before 42.2.13 allows XXE.</system-out><system-err>location: /src/target/LoginWebApp/WEB-INF/lib/postgresql-42.2.9.jar</system-err></testcase></testsuite><testsuite failures="0" id="12" name="/src/target/LoginWebApp/WEB-INF/lib/servlet-api-2.5.jar" package="servlet-api-2.5.jar" skipped="0" tests="1" timestamp="2022-03-27T13:38:45.834709"><testcase classname="dependency-check" name="servlet-api-2.5.jar"/></testsuite></testsuites>